Arguments: 
  /usr/local/Cellar/node/10.6.0/bin/node /usr/local/Cellar/yarn/1.7.0/libexec/bin/yarn.js list

PATH: 
  /Library/Frameworks/Python.framework/Versions/2.7/bin:/usr/local/bin:/usr/bin:/bin:/usr/sbin:/sbin

Yarn version: 
  1.7.0

Node version: 
  10.6.0

Platform: 
  darwin x64

Trace: 
  SyntaxError: /data/lab/node-kafka-producer/package.json: Unexpected token / in JSON at position 186
      at JSON.parse (<anonymous>)
      at /usr/local/Cellar/yarn/1.7.0/libexec/lib/cli.js:1130:59
      at Generator.next (<anonymous>)
      at step (/usr/local/Cellar/yarn/1.7.0/libexec/lib/cli.js:98:30)
      at /usr/local/Cellar/yarn/1.7.0/libexec/lib/cli.js:109:13

npm manifest: 
  {
    "name": "node-kafka-producer",
    "version": "1.0.0",
    "main": "producer.js",
    "author": "Choopong Choosamer",
    "license": "MIT",
    "dependencies": {
      "node-rdkafka": "2.3"
      // "": "2.3"
    }
  }

yarn manifest: 
  No manifest

Lockfile: 
  # THIS IS AN AUTOGENERATED FILE. DO NOT EDIT THIS FILE DIRECTLY.
  # yarn lockfile v1
  
  
  bindings@1.x:
    version "1.3.0"
    resolved "https://registry.yarnpkg.com/bindings/-/bindings-1.3.0.tgz#b346f6ecf6a95f5a815c5839fc7cdb22502f1ed7"
  
  nan@2.x:
    version "2.10.0"
    resolved "https://registry.yarnpkg.com/nan/-/nan-2.10.0.tgz#96d0cd610ebd58d4b4de9cc0c6828cda99c7548f"
  
  node-rdkafka@2.3:
    version "2.3.4"
    resolved "https://registry.yarnpkg.com/node-rdkafka/-/node-rdkafka-2.3.4.tgz#e940c0edb3ed43725bab84fd25257c88204cb91e"
    dependencies:
      bindings "1.x"
      nan "2.x"
